c:\users\detroitlen\source\repos\kkkn\kkkn\debug\vc141.pdb
c:\users\detroitlen\source\repos\kkkn\kkkn\debug\vc141.idb
c:\users\detroitlen\source\repos\kkkn\kkkn\debug\language.obj
c:\users\detroitlen\source\repos\kkkn\kkkn\debug\main.obj
c:\users\detroitlen\source\repos\kkkn\kkkn\debug\config.obj
c:\users\detroitlen\source\repos\kkkn\kkkn\debug\application.obj
c:\users\detroitlen\source\repos\kkkn\kkkn\debug\interface.obj
c:\users\detroitlen\source\repos\kkkn\kkkn\debug\object.obj
c:\users\detroitlen\source\repos\kkkn\kkkn\debug\weapon.obj
c:\users\detroitlen\source\repos\kkkn\kkkn\debug\gun.obj
c:\users\detroitlen\source\repos\kkkn\kkkn\debug\grenade.obj
c:\users\detroitlen\source\repos\kkkn\kkkn\debug\color.obj
c:\users\detroitlen\source\repos\kkkn\kkkn\debug\coloredgun.obj
c:\users\detroitlen\source\repos\kkkn\debug\kkkn.exe
c:\users\detroitlen\source\repos\kkkn\debug\kkkn.ilk
c:\users\detroitlen\source\repos\kkkn\debug\kkkn.pdb
c:\users\detroitlen\source\repos\kkkn\kkkn\debug\kkkn.tlog\cl.command.1.tlog
c:\users\detroitlen\source\repos\kkkn\kkkn\debug\kkkn.tlog\cl.read.1.tlog
c:\users\detroitlen\source\repos\kkkn\kkkn\debug\kkkn.tlog\cl.write.1.tlog
c:\users\detroitlen\source\repos\kkkn\kkkn\debug\kkkn.tlog\link-cvtres.read.1.tlog
c:\users\detroitlen\source\repos\kkkn\kkkn\debug\kkkn.tlog\link-cvtres.write.1.tlog
c:\users\detroitlen\source\repos\kkkn\kkkn\debug\kkkn.tlog\link-rc.read.1.tlog
c:\users\detroitlen\source\repos\kkkn\kkkn\debug\kkkn.tlog\link-rc.write.1.tlog
c:\users\detroitlen\source\repos\kkkn\kkkn\debug\kkkn.tlog\link.7276-cvtres.read.1.tlog
c:\users\detroitlen\source\repos\kkkn\kkkn\debug\kkkn.tlog\link.7276-cvtres.write.1.tlog
c:\users\detroitlen\source\repos\kkkn\kkkn\debug\kkkn.tlog\link.7276-rc.read.1.tlog
c:\users\detroitlen\source\repos\kkkn\kkkn\debug\kkkn.tlog\link.7276-rc.write.1.tlog
c:\users\detroitlen\source\repos\kkkn\kkkn\debug\kkkn.tlog\link.7276.read.1.tlog
c:\users\detroitlen\source\repos\kkkn\kkkn\debug\kkkn.tlog\link.7276.write.1.tlog
c:\users\detroitlen\source\repos\kkkn\kkkn\debug\kkkn.tlog\link.command.1.tlog
c:\users\detroitlen\source\repos\kkkn\kkkn\debug\kkkn.tlog\link.read.1.tlog
c:\users\detroitlen\source\repos\kkkn\kkkn\debug\kkkn.tlog\link.write.1.tlog
